GROUP,PACKAGE,CLASS,INSTRUCTION_MISSED,INSTRUCTION_COVERED,BRANCH_MISSED,BRANCH_COVERED,LINE_MISSED,LINE_COVERED,COMPLEXITY_MISSED,COMPLEXITY_COVERED,METHOD_MISSED,METHOD_COVERED
pensionerDetailsMicroservice,com.pensionerDetailsMicroservice.Exception,AadharNumberNotFoundException,0,4,0,0,0,2,0,1,0,1
pensionerDetailsMicroservice,com.pensionerDetailsMicroservice.Exception,GlobalExceptionHandler,0,49,0,0,0,13,0,3,0,3
pensionerDetailsMicroservice,com.pensionerDetailsMicroservice.Service,PensionerdetailServiceImpl,18,79,2,2,3,13,2,2,1,1
pensionerDetailsMicroservice,com.pensionerDetailsMicroservice.Model,Bank,123,27,24,0,4,13,18,5,6,5
pensionerDetailsMicroservice,com.pensionerDetailsMicroservice.Model,CustomErrorResponse,166,34,38,0,5,16,26,6,7,6
pensionerDetailsMicroservice,com.pensionerDetailsMicroservice.Model,PensionerDetail,247,60,49,1,7,26,34,10,9,10
pensionerDetailsMicroservice,com.pensionerDetailsMicroservice.Util,DateUtil,0,13,0,0,0,3,0,1,0,1
pensionerDetailsMicroservice,com.pensionerDetailsMicroservice.Controller,PensionerDetailsController,5,43,1,1,1,8,1,3,0,3
